<?xml version="1.0" encoding="UTF-8"?>
<!-- Generated by org.testng.reporters.JUnitXMLReporter -->
<testsuite hostname="jongky-Ubuntu" ignored="0" name="Test" tests="6" failures="1" timestamp="26 Apr 2017 23:43:47 GMT" time="0.035" errors="0">
  <testcase name="f" time="0.008" classname="JTest.nextTest"/>
  <testcase name="f2" time="0.001" classname="JTest.nextTest"/>
  <testcase name="f3" time="0.0" classname="JTest.nextTest">
    <failure type="java.lang.AssertionError" message="This should return 1 expected:&amp;lt;3&amp;gt; but was:&amp;lt;4&amp;gt;">
      <![CDATA[java.lang.AssertionError: This should return 1 expected:<3> but was:<4>
	at org.junit.Assert.fail(Assert.java:88)
	at org.junit.Assert.failNotEquals(Assert.java:743)
	at org.junit.Assert.assertEquals(Assert.java:118)
	at org.junit.Assert.assertEquals(Assert.java:555)
	at JTest.nextTest.f3(nextTest.java:18)
	at JTest.RunTestNG.main(RunTestNG.java:24)
... Removed 22 stack frames]]>
    </failure>
  </testcase> <!-- f3 -->
  <testcase name="f" time="0.001" classname="JTest.NewTest"/>
  <testcase name="f2" time="0.0" classname="JTest.NewTest"/>
  <testcase name="f3" time="0.0" classname="JTest.NewTest"/>
</testsuite> <!-- Test -->
